{
  "RSpec": {
    "coverage": {
      "/Users/Becca/Desktop/Ada/Projects/BreakProject/spec/controllers/activities_controller_spec.rb": [
        1,
        null,
        1,
        null,
        null,
        null
      ],
      "/Users/Becca/Desktop/Ada/Projects/BreakProject/app/controllers/activities_controller.rb": [
        1,
        1,
        1,
        1,
        1,
        null,
        1,
        0,
        null,
        null,
        1,
        0,
        null,
        null,
        1,
        0,
        null,
        null,
        1,
        0,
        null,
        null,
        1,
        0,
        0,
        0,
        0,
        0,
        0,
        0,
        null,
        0,
        null,
        null,
        null,
        1,
        0,
        0,
        0,
        0,
        0,
        0,
        0,
        0,
        0,
        0,
        0,
        0,
        0,
        0,
        0,
        0,
        0,
        0,
        0,
        0,
        0,
        0,
        0,
        0,
        0,
        0,
        0,
        0,
        0,
        0,
        0,
        0,
        0,
        0,
        0,
        null,
        0,
        null,
        null,
        null,
        1,
        null,
        null,
        1,
        0,
        null,
        null,
        1,
        0,
        0,
        null,
        null,
        1,
        0,
        0,
        null,
        null,
        1,
        0,
        0,
        null,
        0,
        null,
        null,
        1,
        0,
        0,
        null,
        null,
        1,
        null,
        1,
        0,
        null,
        null
      ],
      "/Users/Becca/Desktop/Ada/Projects/BreakProject/app/controllers/application_controller.rb": [
        1,
        null,
        null,
        1,
        null
      ],
      "/Users/Becca/Desktop/Ada/Projects/BreakProject/spec/controllers/neighborhoods_controller_spec.rb": [
        1,
        null,
        1,
        1,
        9,
        null,
        null,
        1,
        null,
        null,
        null,
        null,
        null,
        null,
        5,
        null,
        null,
        1,
        1,
        1,
        1,
        null,
        1,
        1,
        1,
        1,
        null,
        null,
        null,
        1,
        1,
        1,
        1,
        null,
        1,
        1,
        1,
        1,
        null,
        null,
        null,
        1,
        1,
        1,
        1,
        null,
        null,
        null,
        1,
        1,
        1,
        1,
        null,
        null,
        null,
        1,
        1,
        1,
        1,
        1,
        null,
        1,
        1,
        1,
        null,
        null,
        null,
        1,
        1,
        1,
        1,
        null,
        null,
        null,
        null,
        null
      ],
      "/Users/Becca/Desktop/Ada/Projects/BreakProject/app/controllers/neighborhoods_controller.rb": [
        1,
        1,
        null,
        1,
        4,
        null,
        null,
        1,
        2,
        null,
        null,
        1,
        2,
        null,
        null,
        1,
        null,
        null,
        1,
        1,
        1,
        null,
        null,
        1,
        1,
        null,
        null,
        1,
        2,
        2,
        null,
        null,
        1,
        1,
        1,
        null,
        null,
        1,
        null,
        1,
        3,
        null,
        null
      ],
      "/Users/Becca/Desktop/Ada/Projects/BreakProject/spec/models/activity_spec.rb": [
        1,
        null,
        1,
        null,
        null,
        null
      ],
      "/Users/Becca/Desktop/Ada/Projects/BreakProject/app/models/activity.rb": [
        1,
        1,
        null
      ],
      "/Users/Becca/Desktop/Ada/Projects/BreakProject/spec/models/neighborhood_spec.rb": [
        1,
        null,
        1,
        null,
        null,
        null
      ],
      "/Users/Becca/Desktop/Ada/Projects/BreakProject/app/models/neighborhood.rb": [
        1,
        1,
        1,
        null,
        null,
        null
      ]
    },
    "timestamp": 1451517509
  }
}
