{
  "RSpec": {
    "coverage": {
      "/Users/Kellykell/Desktop/Ada_HW/BreakProject/spec/controllers/activities_controller_spec.rb": [
        1,
        null,
        1,
        null,
        null,
        null
      ],
      "/Users/Kellykell/Desktop/Ada_HW/BreakProject/app/controllers/activities_controller.rb": [
        1,
        1,
        1,
        1,
        1,
        null,
        1,
        0,
        null,
        null,
        1,
        0,
        null,
        null,
        1,
        0,
        null,
        null,
        1,
        0,
        null,
        null,
        1,
        0,
        0,
        0,
        0,
        0,
        0,
        0,
        null,
        0,
        null,
        null,
        null,
        1,
        0,
        0,
        0,
        0,
        0,
        0,
        0,
        0,
        0,
        0,
        0,
        0,
        0,
        0,
        0,
        0,
        0,
        0,
        0,
        0,
        0,
        0,
        0,
        0,
        0,
        0,
        0,
        0,
        0,
        0,
        0,
        0,
        0,
        0,
        0,
        null,
        0,
        null,
        null,
        null,
        1,
        null,
        null,
        1,
        0,
        null,
        null,
        1,
        0,
        0,
        null,
        null,
        1,
        0,
        0,
        null,
        null,
        1,
        0,
        0,
        null,
        0,
        null,
        null,
        1,
        0,
        0,
        null,
        null,
        1,
        null,
        1,
        0,
        null,
        null
      ],
      "/Users/Kellykell/Desktop/Ada_HW/BreakProject/app/controllers/application_controller.rb": [
        1,
        null,
        null,
        1,
        null
      ],
      "/Users/Kellykell/Desktop/Ada_HW/BreakProject/spec/controllers/neighborhoods_controller_spec.rb": [
        1,
        null,
        1,
        null,
        null,
        null
      ],
      "/Users/Kellykell/Desktop/Ada_HW/BreakProject/app/controllers/neighborhoods_controller.rb": [
        1,
        1,
        null,
        1,
        0,
        null,
        null,
        1,
        0,
        null,
        null,
        1,
        0,
        null,
        null,
        1,
        null,
        null,
        1,
        0,
        0,
        null,
        null,
        1,
        0,
        null,
        null,
        1,
        0,
        0,
        null,
        null,
        1,
        0,
        0,
        null,
        null,
        1,
        null,
        1,
        0,
        null,
        null
      ],
      "/Users/Kellykell/Desktop/Ada_HW/BreakProject/spec/models/activity_spec.rb": [
        1,
        null,
        1,
        null,
        null,
        null
      ],
      "/Users/Kellykell/Desktop/Ada_HW/BreakProject/app/models/activity.rb": [
        1,
        1,
        null
      ],
      "/Users/Kellykell/Desktop/Ada_HW/BreakProject/spec/models/neighborhood_spec.rb": [
        1,
        null,
        1,
        null,
        null,
        null
      ],
      "/Users/Kellykell/Desktop/Ada_HW/BreakProject/app/models/neighborhood.rb": [
        1,
        1,
        null
      ]
    },
    "timestamp": 1450655005
  }
}
